<?xml version="1.0" encoding="UTF-8"?>
<!-- Generated by org.testng.reporters.JUnitReportReporter -->
<testsuite hostname="HP-PC" failures="0" tests="3" name="alluretests2023.TestSkip" time="0.008" errors="0" timestamp="2023-10-26T18:01:53 IST" skipped="2">
  <testcase classname="alluretests2023.TestSkip" name="Test1" time="0.004"/>
  <system-out/>
  <testcase classname="alluretests2023.TestSkip" name="Test3" time="0.004">
    <skipped/>
  </testcase> <!-- Test3 -->
  <system-out/>
  <testcase classname="alluretests2023.TestSkip" name="Test2">
    <skipped/>
  </testcase> <!-- Test2 -->
  <system-out/>
</testsuite> <!-- alluretests2023.TestSkip -->
